<?xml version="1.0" encoding="UTF-8"?>
<!-- Generated by org.testng.reporters.JUnitXMLReporter -->
<testsuite ignored="0" hostname="DESKTOP-31QM75N" failures="0" tests="3" name="Default test" time="2.934" errors="0" timestamp="2023-02-24T11:37:58 IST">
  <testcase classname="APITestingTestNG.demo1" name="validateResponseCode" time="0.016"/>
  <testcase classname="APITestingTestNG.demo1" name="validateResponseBody" time="0.042"/>
  <testcase classname="APITestingTestNG.demo1" name="validateContentType" time="0.003"/>
</testsuite> <!-- Default test -->
