<?xml version="1.0" encoding="UTF-8"?>
<testng-results ignored="0" total="3" passed="3" failed="0" skipped="0">
  <reporter-output>
  </reporter-output>
  <suite started-at="2023-02-24T11:37:56 IST" name="Default suite" finished-at="2023-02-24T11:37:58 IST" duration-ms="2934">
    <groups>
    </groups>
    <test started-at="2023-02-24T11:37:56 IST" name="Default test" finished-at="2023-02-24T11:37:58 IST" duration-ms="2934">
      <class name="APITestingTestNG.demo1">
        <test-method is-config="true" signature="setUp()[pri:0, instance:APITestingTestNG.demo1@53ce1329]" started-at="2023-02-24T11:37:56 IST" name="setUp" finished-at="2023-02-24T11:37:58 IST" duration-ms="2787" status="PASS">
          <reporter-output>
          </reporter-output>
        </test-method> <!-- setUp -->
        <test-method signature="validateResponseCode()[pri:1, instance:APITestingTestNG.demo1@53ce1329]" started-at="2023-02-24T11:37:58 IST" name="validateResponseCode" finished-at="2023-02-24T11:37:58 IST" duration-ms="16" status="PASS">
          <reporter-output>
          </reporter-output>
        </test-method> <!-- validateResponseCode -->
        <test-method signature="validateResponseBody()[pri:2, instance:APITestingTestNG.demo1@53ce1329]" started-at="2023-02-24T11:37:58 IST" name="validateResponseBody" finished-at="2023-02-24T11:37:58 IST" duration-ms="42" status="PASS">
          <reporter-output>
          </reporter-output>
        </test-method> <!-- validateResponseBody -->
        <test-method signature="validateContentType()[pri:3, instance:APITestingTestNG.demo1@53ce1329]" started-at="2023-02-24T11:37:58 IST" name="validateContentType" finished-at="2023-02-24T11:37:58 IST" duration-ms="3" status="PASS">
          <reporter-output>
          </reporter-output>
        </test-method> <!-- validateContentType -->
      </class> <!-- APITestingTestNG.demo1 -->
    </test> <!-- Default test -->
  </suite> <!-- Default suite -->
</testng-results>
